host: Raintree-Max.local
Building DAG of jobs...
Using shell: /bin/bash
Provided cores: 10
Rules claiming more threads will be scaled down.
Job stats:
job             count
------------  -------
all                 1
plot_results        1
total               2

Select jobs to execute...
Execute 1 jobs...

[Fri Sep 13 02:33:39 2024]
localrule plot_results:
    input: results/model_output.csv
    output: results/model_plot.png
    jobid: 1
    reason: Missing output files: results/model_plot.png
    resources: tmpdir=/var/folders/7k/gy0ltxvs51sf5w1stk7h06vw0000gn/T

[Fri Sep 13 02:33:39 2024]
Finished job 1.
1 of 2 steps (50%) done
Select jobs to execute...
Execute 1 jobs...

[Fri Sep 13 02:33:39 2024]
localrule all:
    input: results/model_plot.png
    jobid: 0
    reason: Input files updated by another job: results/model_plot.png
    resources: tmpdir=/var/folders/7k/gy0ltxvs51sf5w1stk7h06vw0000gn/T

[Fri Sep 13 02:33:39 2024]
Finished job 0.
2 of 2 steps (100%) done
Complete log: .snakemake/log/2024-09-13T023339.108973.snakemake.log
