host: Raintree-Max.local
Building DAG of jobs...
Using shell: /bin/bash
Provided cores: 10
Rules claiming more threads will be scaled down.
Job stats:
job            count
-----------  -------
train_model        1
total              1

Select jobs to execute...
Execute 1 jobs...

[Fri Sep 13 01:46:49 2024]
localrule train_model:
    output: results/model.h5
    jobid: 0
    reason: Missing output files: results/model.h5
    threads: 4
    resources: tmpdir=/var/folders/7k/gy0ltxvs51sf5w1stk7h06vw0000gn/T

[Fri Sep 13 01:46:50 2024]
Error in rule train_model:
    jobid: 0
    output: results/model.h5
    shell:
        
        if [ False = True ] || [ ! -f results/model.h5 ]; then
            python train_mnist.py --epochs 10 --batch_size 128 --output results/model.h5
        fi
        
        (one of the commands exited with non-zero exit code; note that snakemake uses bash strict mode!)

Shutting down, this might take some time.
Exiting because a job execution failed. Look above for error message
Complete log: .snakemake/log/2024-09-13T014649.067455.snakemake.log
WorkflowError:
At least one job did not complete successfully.
