host: Raintree-Max.local
Building DAG of jobs...
Using shell: /bin/bash
Provided cores: 1 (use --cores to define parallelism)
Rules claiming more threads will be scaled down.
Job stats:
job            count
-----------  -------
train_model        1
total              1

Select jobs to execute...
Execute 1 jobs...

[Fri Sep 13 01:24:36 2024]
localrule train_model:
    output: results/model_output.txt
    jobid: 0
    reason: Missing output files: results/model_output.txt
    resources: tmpdir=/var/folders/7k/gy0ltxvs51sf5w1stk7h06vw0000gn/T

[Fri Sep 13 01:25:02 2024]
Finished job 0.
1 of 1 steps (100%) done
Complete log: .snakemake/log/2024-09-13T012436.390915.snakemake.log
