host: ipsec-10-2-0-8.vpn.gatech.edu
Building DAG of jobs...
Using shell: /bin/bash
Provided cores: 10
Rules claiming more threads will be scaled down.
Job stats:
job                        count
-----------------------  -------
aggregate_metrics              1
all                            1
convert_output                 1
plot_aggregated_results        1
plot_results                   1
train_model                    1
total                          6

Select jobs to execute...
Execute 1 jobs...

[Fri Nov  8 04:14:45 2024]
localrule train_model:
    input: train_mnist.py
    output: results/config3/model.h5, results/config3/model_output.txt
    jobid: 9
    reason: Params have changed since last execution
    wildcards: config_id=config3
    threads: 4
    resources: tmpdir=/var/folders/7k/gy0ltxvs51sf5w1stk7h06vw0000gn/T

[Fri Nov  8 04:15:12 2024]
Finished job 9.
1 of 6 steps (17%) done
Select jobs to execute...
Execute 1 jobs...

[Fri Nov  8 04:15:12 2024]
localrule convert_output:
    input: results/config3/model_output.txt
    output: results/config3/model_output.csv
    jobid: 8
    reason: Input files updated by another job: results/config3/model_output.txt
    wildcards: config_id=config3
    resources: tmpdir=/var/folders/7k/gy0ltxvs51sf5w1stk7h06vw0000gn/T

[Fri Nov  8 04:15:12 2024]
Finished job 8.
2 of 6 steps (33%) done
Select jobs to execute...
Execute 2 jobs...

[Fri Nov  8 04:15:12 2024]
localrule aggregate_metrics:
    input: results/config1/model_output.csv, results/config2/model_output.csv, results/config3/model_output.csv
    output: results/aggregated_metrics.csv
    jobid: 10
    reason: Input files updated by another job: results/config3/model_output.csv
    resources: tmpdir=/var/folders/7k/gy0ltxvs51sf5w1stk7h06vw0000gn/T


[Fri Nov  8 04:15:12 2024]
localrule plot_results:
    input: results/config3/model_output.csv
    output: results/config3/model_plot.png
    jobid: 7
    reason: Input files updated by another job: results/config3/model_output.csv
    wildcards: config_id=config3
    resources: tmpdir=/var/folders/7k/gy0ltxvs51sf5w1stk7h06vw0000gn/T

[Fri Nov  8 04:15:13 2024]
Finished job 7.
3 of 6 steps (50%) done
[Fri Nov  8 04:15:13 2024]
Finished job 10.
4 of 6 steps (67%) done
Select jobs to execute...
Execute 1 jobs...

[Fri Nov  8 04:15:13 2024]
localrule plot_aggregated_results:
    input: results/aggregated_metrics.csv
    output: results/aggregated_plot.png
    jobid: 11
    reason: Input files updated by another job: results/aggregated_metrics.csv
    resources: tmpdir=/var/folders/7k/gy0ltxvs51sf5w1stk7h06vw0000gn/T

[Fri Nov  8 04:15:14 2024]
Finished job 11.
5 of 6 steps (83%) done
Select jobs to execute...
Execute 1 jobs...

[Fri Nov  8 04:15:14 2024]
localrule all:
    input: results/config1/model_plot.png, results/config2/model_plot.png, results/config3/model_plot.png, results/aggregated_metrics.csv, results/aggregated_plot.png
    jobid: 0
    reason: Input files updated by another job: results/config3/model_plot.png, results/aggregated_plot.png, results/aggregated_metrics.csv
    resources: tmpdir=/var/folders/7k/gy0ltxvs51sf5w1stk7h06vw0000gn/T

[Fri Nov  8 04:15:14 2024]
Finished job 0.
6 of 6 steps (100%) done
Complete log: .snakemake/log/2024-11-08T041444.579748.snakemake.log
