host: ipsec-10-2-0-8.vpn.gatech.edu
Building DAG of jobs...
Using shell: /bin/bash
Provided cores: 10
Rules claiming more threads will be scaled down.
Job stats:
job                        count
-----------------------  -------
aggregate_metrics              1
all                            1
convert_output                 3
plot_aggregated_results        1
plot_results                   3
train_model                    3
total                         12

Select jobs to execute...
Execute 2 jobs...

[Fri Nov  8 03:51:54 2024]
localrule train_model:
    input: train_mnist.py
    output: results/config2/model.h5, results/config2/model_output.txt
    jobid: 6
    reason: Missing output files: results/config2/model_output.txt
    wildcards: config_id=config2
    threads: 4
    resources: tmpdir=/var/folders/7k/gy0ltxvs51sf5w1stk7h06vw0000gn/T


[Fri Nov  8 03:51:54 2024]
localrule train_model:
    input: train_mnist.py
    output: results/config1/model.h5, results/config1/model_output.txt
    jobid: 3
    reason: Missing output files: results/config1/model_output.txt
    wildcards: config_id=config1
    threads: 4
    resources: tmpdir=/var/folders/7k/gy0ltxvs51sf5w1stk7h06vw0000gn/T

[Fri Nov  8 03:53:00 2024]
Finished job 3.
1 of 12 steps (8%) done
Select jobs to execute...
Execute 2 jobs...

[Fri Nov  8 03:53:00 2024]
localrule convert_output:
    input: results/config1/model_output.txt
    output: results/config1/model_output.csv
    jobid: 2
    reason: Missing output files: results/config1/model_output.csv; Input files updated by another job: results/config1/model_output.txt
    wildcards: config_id=config1
    resources: tmpdir=/var/folders/7k/gy0ltxvs51sf5w1stk7h06vw0000gn/T


[Fri Nov  8 03:53:00 2024]
localrule train_model:
    input: train_mnist.py
    output: results/config3/model.h5, results/config3/model_output.txt
    jobid: 9
    reason: Missing output files: results/config3/model_output.txt
    wildcards: config_id=config3
    threads: 4
    resources: tmpdir=/var/folders/7k/gy0ltxvs51sf5w1stk7h06vw0000gn/T

[Fri Nov  8 03:53:01 2024]
Finished job 2.
2 of 12 steps (17%) done
Select jobs to execute...
Execute 1 jobs...

[Fri Nov  8 03:53:01 2024]
localrule plot_results:
    input: results/config1/model_output.csv
    output: results/config1/model_plot.png
    jobid: 1
    reason: Missing output files: results/config1/model_plot.png; Input files updated by another job: results/config1/model_output.csv
    wildcards: config_id=config1
    resources: tmpdir=/var/folders/7k/gy0ltxvs51sf5w1stk7h06vw0000gn/T

[Fri Nov  8 03:53:02 2024]
Finished job 1.
3 of 12 steps (25%) done
[Fri Nov  8 03:53:18 2024]
Finished job 6.
4 of 12 steps (33%) done
Select jobs to execute...
Execute 1 jobs...

[Fri Nov  8 03:53:18 2024]
localrule convert_output:
    input: results/config2/model_output.txt
    output: results/config2/model_output.csv
    jobid: 5
    reason: Missing output files: results/config2/model_output.csv; Input files updated by another job: results/config2/model_output.txt
    wildcards: config_id=config2
    resources: tmpdir=/var/folders/7k/gy0ltxvs51sf5w1stk7h06vw0000gn/T

[Fri Nov  8 03:53:18 2024]
Finished job 5.
5 of 12 steps (42%) done
Select jobs to execute...
Execute 1 jobs...

[Fri Nov  8 03:53:18 2024]
localrule plot_results:
    input: results/config2/model_output.csv
    output: results/config2/model_plot.png
    jobid: 4
    reason: Missing output files: results/config2/model_plot.png; Input files updated by another job: results/config2/model_output.csv
    wildcards: config_id=config2
    resources: tmpdir=/var/folders/7k/gy0ltxvs51sf5w1stk7h06vw0000gn/T

[Fri Nov  8 03:53:19 2024]
Finished job 4.
6 of 12 steps (50%) done
[Fri Nov  8 03:54:05 2024]
Finished job 9.
7 of 12 steps (58%) done
Select jobs to execute...
Execute 1 jobs...

[Fri Nov  8 03:54:05 2024]
localrule convert_output:
    input: results/config3/model_output.txt
    output: results/config3/model_output.csv
    jobid: 8
    reason: Missing output files: results/config3/model_output.csv; Input files updated by another job: results/config3/model_output.txt
    wildcards: config_id=config3
    resources: tmpdir=/var/folders/7k/gy0ltxvs51sf5w1stk7h06vw0000gn/T

[Fri Nov  8 03:54:05 2024]
Finished job 8.
8 of 12 steps (67%) done
Select jobs to execute...
Execute 2 jobs...

[Fri Nov  8 03:54:05 2024]
localrule aggregate_metrics:
    input: results/config1/model_output.csv, results/config2/model_output.csv, results/config3/model_output.csv
    output: results/aggregated_metrics.csv
    jobid: 10
    reason: Missing output files: results/aggregated_metrics.csv; Input files updated by another job: results/config3/model_output.csv, results/config2/model_output.csv, results/config1/model_output.csv
    resources: tmpdir=/var/folders/7k/gy0ltxvs51sf5w1stk7h06vw0000gn/T


[Fri Nov  8 03:54:05 2024]
localrule plot_results:
    input: results/config3/model_output.csv
    output: results/config3/model_plot.png
    jobid: 7
    reason: Missing output files: results/config3/model_plot.png; Input files updated by another job: results/config3/model_output.csv
    wildcards: config_id=config3
    resources: tmpdir=/var/folders/7k/gy0ltxvs51sf5w1stk7h06vw0000gn/T

[Fri Nov  8 03:54:06 2024]
Finished job 7.
9 of 12 steps (75%) done
[Fri Nov  8 03:54:06 2024]
Finished job 10.
10 of 12 steps (83%) done
Select jobs to execute...
Execute 1 jobs...

[Fri Nov  8 03:54:06 2024]
localrule plot_aggregated_results:
    input: results/aggregated_metrics.csv
    output: results/aggregated_plot.png
    jobid: 11
    reason: Missing output files: results/aggregated_plot.png; Input files updated by another job: results/aggregated_metrics.csv
    resources: tmpdir=/var/folders/7k/gy0ltxvs51sf5w1stk7h06vw0000gn/T

[Fri Nov  8 03:54:06 2024]
Error in rule plot_aggregated_results:
    jobid: 11
    input: results/aggregated_metrics.csv
    output: results/aggregated_plot.png
    shell:
        python plot_aggregated_results.py results/aggregated_metrics.csv results/aggregated_plot.png
        (one of the commands exited with non-zero exit code; note that snakemake uses bash strict mode!)

Shutting down, this might take some time.
Exiting because a job execution failed. Look above for error message
Complete log: .snakemake/log/2024-11-08T035154.569525.snakemake.log
WorkflowError:
At least one job did not complete successfully.
