host: Raintree-Max.local
Building DAG of jobs...
Using shell: /bin/bash
Provided cores: 10
Rules claiming more threads will be scaled down.
Job stats:
job               count
--------------  -------
all                   1
convert_output        1
plot_results          1
train_model           1
total                 4

Select jobs to execute...
Execute 1 jobs...

[Fri Sep 13 02:42:49 2024]
localrule train_model:
    input: train_mnist.py
    output: results/model.h5, results/model_output.txt
    jobid: 3
    reason: Updated input files: train_mnist.py
    threads: 4
    resources: tmpdir=/var/folders/7k/gy0ltxvs51sf5w1stk7h06vw0000gn/T

[Fri Sep 13 02:43:42 2024]
Finished job 3.
1 of 4 steps (25%) done
Select jobs to execute...
Execute 1 jobs...

[Fri Sep 13 02:43:42 2024]
localrule convert_output:
    input: results/model_output.txt
    output: results/model_output.csv
    jobid: 2
    reason: Input files updated by another job: results/model_output.txt
    resources: tmpdir=/var/folders/7k/gy0ltxvs51sf5w1stk7h06vw0000gn/T

[Fri Sep 13 02:43:43 2024]
Finished job 2.
2 of 4 steps (50%) done
Select jobs to execute...
Execute 1 jobs...

[Fri Sep 13 02:43:43 2024]
localrule plot_results:
    input: results/model_output.csv
    output: results/model_plot.png
    jobid: 1
    reason: Input files updated by another job: results/model_output.csv
    resources: tmpdir=/var/folders/7k/gy0ltxvs51sf5w1stk7h06vw0000gn/T

[Fri Sep 13 02:43:43 2024]
Finished job 1.
3 of 4 steps (75%) done
Select jobs to execute...
Execute 1 jobs...

[Fri Sep 13 02:43:43 2024]
localrule all:
    input: results/model_plot.png
    jobid: 0
    reason: Input files updated by another job: results/model_plot.png
    resources: tmpdir=/var/folders/7k/gy0ltxvs51sf5w1stk7h06vw0000gn/T

[Fri Sep 13 02:43:43 2024]
Finished job 0.
4 of 4 steps (100%) done
Complete log: .snakemake/log/2024-09-13T024249.739017.snakemake.log
